<?xml version="1.0" encoding="UTF-8"?>
<!-- Generated by org.testng.reporters.JUnitReportReporter -->
<testsuite hostname="DESKTOP-2LA3LHA" failures="0" tests="1" name="tests.PartiallyUpdateUserTest" time="0.402" errors="0" timestamp="2025-05-12T15:44:17 EEST" skipped="0">
  <testcase classname="tests.PartiallyUpdateUserTest" name="partiallyUpdateUser" time="0.402"/>
  <system-out/>
</testsuite> <!-- tests.PartiallyUpdateUserTest -->
