<?xml version="1.0" encoding="UTF-8"?>
<!-- Generated by org.testng.reporters.JUnitReportReporter -->
<testsuite hostname="DESKTOP-2LA3LHA" failures="0" tests="1" name="tests.PutApiTest" time="0.547" errors="0" timestamp="2025-05-03T20:39:22 EEST" skipped="0">
  <testcase classname="tests.PutApiTest" name="updateUser" time="0.547"/>
  <system-out/>
</testsuite> <!-- tests.PutApiTest -->
