<?xml version="1.0" encoding="UTF-8"?>
<!-- Generated by org.testng.reporters.JUnitReportReporter -->
<testsuite hostname="DESKTOP-2LA3LHA" failures="0" tests="3" name="tests.GetApiTest" time="1.903" errors="0" timestamp="2025-04-28T15:53:02 EEST" skipped="0">
  <testcase classname="tests.GetApiTest" name="getAllUsersParamsTest" time="0.411"/>
  <system-out/>
  <testcase classname="tests.GetApiTest" name="getAllUsersTest" time="0.776"/>
  <system-out/>
  <testcase classname="tests.GetApiTest" name="getUserDetailsTest" time="0.716"/>
  <system-out/>
</testsuite> <!-- tests.GetApiTest -->
