<?xml version="1.0" encoding="UTF-8"?>
<!-- Generated by org.testng.reporters.JUnitReportReporter -->
<testsuite hostname="DESKTOP-2LA3LHA" failures="0" tests="3" name="tests.GetApiTest" time="1.579" errors="0" timestamp="2025-05-11T18:26:23 EEST" skipped="0">
  <testcase classname="tests.GetApiTest" name="getUserDetailsTest" time="0.381"/>
  <system-out/>
  <testcase classname="tests.GetApiTest" name="getAllUsersParamsTest" time="0.797"/>
  <system-out/>
  <testcase classname="tests.GetApiTest" name="getAllUsersTest" time="0.401"/>
  <system-out/>
</testsuite> <!-- tests.GetApiTest -->
