<?xml version="1.0" encoding="UTF-8"?>
<!-- Generated by org.testng.reporters.JUnitReportReporter -->
<testsuite hostname="DESKTOP-2LA3LHA" failures="0" tests="1" name="tests.DeleteApiTest" time="0.788" errors="0" timestamp="2025-05-03T20:39:22 EEST" skipped="0">
  <testcase classname="tests.DeleteApiTest" name="deleteUserTest" time="0.788"/>
  <system-out/>
</testsuite> <!-- tests.DeleteApiTest -->
