<?xml version="1.0" encoding="UTF-8"?>
<!-- Generated by org.testng.reporters.JUnitReportReporter -->
<testsuite hostname="DESKTOP-2LA3LHA" failures="0" tests="1" name="tests.PostApiTest" time="1.744" errors="0" timestamp="2025-04-28T15:53:02 EEST" skipped="0">
  <testcase classname="tests.PostApiTest" name="createUserTest" time="1.744"/>
  <system-out/>
</testsuite> <!-- tests.PostApiTest -->
