<?xml version="1.0" encoding="UTF-8"?>
<!-- Generated by org.testng.reporters.JUnitReportReporter -->
<testsuite hostname="DESKTOP-2LA3LHA" failures="0" tests="3" name="tests.GetUserTest" time="1.801" errors="0" timestamp="2025-05-12T15:44:17 EEST" skipped="0">
  <testcase classname="tests.GetUserTest" name="getAllUsersParamsTest" time="0.334"/>
  <system-out/>
  <testcase classname="tests.GetUserTest" name="getAllUsersTest" time="0.695"/>
  <system-out/>
  <testcase classname="tests.GetUserTest" name="getUserDetailsTest" time="0.772"/>
  <system-out/>
</testsuite> <!-- tests.GetUserTest -->
