<?xml version="1.0" encoding="UTF-8"?>
<!-- Generated by org.testng.reporters.JUnitReportReporter -->
<testsuite hostname="DESKTOP-2LA3LHA" failures="0" tests="1" name="tests.PatchApiTest" time="0.778" errors="0" timestamp="2025-05-11T18:26:23 EEST" skipped="0">
  <testcase classname="tests.PatchApiTest" name="partiallyUpdateUser" time="0.778"/>
  <system-out/>
</testsuite> <!-- tests.PatchApiTest -->
