<?xml version="1.0" encoding="UTF-8"?>
<!-- Generated by org.testng.reporters.JUnitReportReporter -->
<testsuite hostname="DESKTOP-2LA3LHA" failures="0" tests="1" name="tests.DeleteUserTest" time="0.720" errors="0" timestamp="2025-05-12T15:44:17 EEST" skipped="0">
  <testcase classname="tests.DeleteUserTest" name="deleteUserTest" time="0.720"/>
  <system-out/>
</testsuite> <!-- tests.DeleteUserTest -->
