<?xml version="1.0" encoding="UTF-8"?>
<!-- Generated by org.testng.reporters.JUnitReportReporter -->
<testsuite hostname="DESKTOP-2LA3LHA" failures="0" tests="1" name="tests.CreateUserTest" time="1.868" errors="0" timestamp="2025-05-12T15:44:17 EEST" skipped="0">
  <testcase classname="tests.CreateUserTest" name="createUserTest" time="1.868"/>
  <system-out/>
</testsuite> <!-- tests.CreateUserTest -->
