<?xml version="1.0" encoding="UTF-8"?>
<!-- Generated by org.testng.reporters.JUnitReportReporter -->
<testsuite hostname="DESKTOP-2LA3LHA" failures="0" tests="1" name="tests.UpdateUserTest" time="0.875" errors="0" timestamp="2025-05-12T15:44:17 EEST" skipped="0">
  <testcase classname="tests.UpdateUserTest" name="updateUser" time="0.875"/>
  <system-out/>
</testsuite> <!-- tests.UpdateUserTest -->
