<?xml version="1.0" encoding="UTF-8"?>
<!-- Generated by org.testng.reporters.JUnitReportReporter -->
<testsuite hostname="DESKTOP-2LA3LHA" failures="0" tests="3" name="tests.GetApiTest" time="1.136" errors="0" timestamp="2025-05-03T20:39:22 EEST" skipped="0">
  <testcase classname="tests.GetApiTest" name="getAllUsersParamsTest" time="0.375"/>
  <system-out/>
  <testcase classname="tests.GetApiTest" name="getAllUsersTest" time="0.403"/>
  <system-out/>
  <testcase classname="tests.GetApiTest" name="getUserDetailsTest" time="0.358"/>
  <system-out/>
</testsuite> <!-- tests.GetApiTest -->
